01 #*****#*****#*****#*****#*****#7****#*****#*****#*****#*****,9****#.....,.....,.....,.....,.....,.....,.....,.....,.....,.....,.....,.....,.....
02 ,.....,.....,.....,.....,.....,.....,.....,.4***#*....,.....,.....,.....,.....,.....,.....,.....,.....,.....,.....,.....,.....,.....,.....,.....
03 ,.....,.....,.....,.....,.....,.....,.....,.....,.....,.....,.....,.****#*****#*****#*****#**9**#*****#*****#*****#*****#*****#*****#*****#*****
04 #*****#*****#****9#*****9*****#8****#*****#*****#*****#*****#8****#*****#*****#*****9*****#*****#*****#*****#*****#*****#*9*9*#*****#*****#***9*
05 #*****#*****#*****#*****#*****#7****#*****#*****#*****#*****#8****,.7***#*****#*****#****8#*****#*****#*****#*****#*****#**9**#**9**9*****#*****
06 #*****9*****#*****#*****#*****#8****#*****#*****#*****#*****#8****#*****#*****#*****#*****#*****#****95*****#*****#*****#*****#****99**9**#*****
07 #*****#*****#***9*#*****#*****#.....,.....,.....,.....,.....,.....,.....,.....,.....,.....,.....,.....,.....,.....,.....,.....,.....,.....,.....
08 ,.....,.....,.....,.....,.....,.....,.....,.....,.....,.....,.....,.....,.....,.....,.....,.....,.....,.....,.7***#*****#*****#**9**#*****#*****
09 #*****#*****#9****#*****#*****#7****#*****#9****#*****#*****#8****#***9*#*****#*****#*****#**9**9*****#*****#*****#*****#***9*#*****#*****#*****
10 #*****#*****#*****#****9#*****#7****#*****#*****#*****#*****#8****#*****#*****#****9#*****#*****#*****#*****#*****9*****#*****#*****#***9*#*****
11 #*****#*****#*****#*****#*****#8****#*****#*****#*****#*****#8****#****9#*****#*****#9....,.....,.....,.....,.....,.....,.....,.....,.....,.....
12 ,.....,.....,.....,.....,.....,.....,.....,.....,.....,.....,.....,.....,.....,.....,.....,.....,.....,.....,.....,.....,.....,.....,.....,.....
13 ,.....,.....,.....,.....,.....,.....,.....,.....,.....,..6**#8****5*****#***..,.....,.....,.....,.....,.....,.....39****#*****#*****#9****#*****
14 #*****#*****#*****#***9*#*****#8****#*****#*****#*****#*****#8****#*****#*****#*****#*****#*****#*****#9****#*****#*****#*****#*****#*****#*****
15 #*****#*****#*****#*****#*****#8****#*****#****9#*****#*****#8****#*****#*****#**9**#*****#*****#*****#*****#****9#*....,.8***#***..,.....,..4**
16 #**...,.....,.....,.....,.....,.....,.....,.....,.....,.....,.....,.....,.....,.....,.....,.....,.....,.....,.....,.....,.....,.....,.....,.....
17 ,.....,.....,.....,.....,.....,.....,.....,.....,.....,.....,.....,.....,.....,.....,.....,.....,.....,.....,.....,.....,.....,.....,.....,.....
18 ,.....,.....,.....,.....,.....,.....,.....,.....,.....,.....,.....,.....,.....,.....,.....,.....,.....,.....,.....,.....,.....,.....,.....,.....
19 ,.....,.....,.....,.....,.....,.....,...8*#.....1.....,.....,.....,.....,...1.,.....,.....,.....,.....,.....,.....,.....,.....,.....,.....,.....
20 ,.....,.....,.....,.....,.....,.....,.....,.....,.....,.....,.....2*****#9****#*****#*****#*****#*****#*****9*****#*****#*****#*****#*****#*****
21 #*****#*****#*****#*****#*****#4*---+-----+-----+-----+-----+6****#*****#*****#*****#*****#****.8*****#*****#*****#*****#*****#*****#*****#*****
22 #5----+-----+-----+-----+-----+.----+-----+-----+-----+-----+6****#6.2**#*****#*****#..38*#***..,.....,...4*#*****#*****#*****#*****#**9**#*****
23 #*****9*****#*****#*****#*****#6*---+-----+-----+-----,.....,.....,.....,..6..,.....,.....,.....,.....,.....,.....,.....,.....,.....84****#*****
24 #*****#*9***#*****#*****#*****#6*1--+-----+-----+-----+-----+32--.4**9**#*****#*****#**7**#****4,.....,.....3.....,.....,.....,.....,.....,.....
25 ,.....,.....,.....,.....,.....,.....,.....,.....,.....,.....,.....,.....,.....,.....,.....,.....,.....,.....,.....,.....,.....,.....,.....,.....
26 ,.....,.....,.....,.....,.....,.....,.....,.....,.....,.....,.....7*****#..3**#*....,.....,.....,.....,.....,.....,....6#*****#*****#*****#*****
27 #*****#*****#*****#*****#****9#7****#**9**#*****#*****#*..6*#.....,.....,.....,.....,.....9*****#.....,.....9***..,2****#*****#*****#*****#*****
28 #*****#*****#*****#*****#*****96*---+-----+-----+-----+--.3*#7**..,.....,.....,.....,.....,.....,.....,.....,.....,.....,.....,.....,.....,.....
29 ,.....,.....,.....,.....,.....,.....,.....,.....,.....,.....,.....,.....,.....,.....,.....,.....,.....,...8*#*****#*****#***9*#*****#*****#*****
30 #*****#*****#*****#****9#*****#5****#*****#*****#****9#*****#6****#*****#*****#**9**#*****#*****#*****#*****#***9*#**9**#*****#*****#*****#*****
31 ,.....,.....,.....,.....,.....,.....,.....,.....,.....,.....,.....,.....,.....,.....,.....,.....,.....,.....,.....,.....,.....,.....,.....,.....

