01 ,.....,.....,.....,.....,.....,.....,.....,.....,.....,.....,.....,.....,.....,.....,.....,.....,.....,.....,.....,.....,.....,.....,.....,.....
02 ,.....,.....,.....,.....,.....,.....,.....,.....,.....,.....,.....,.....,.....,.....,.....,.....,.....,.....,.....,.....,.....,.....,.....,.....
03 ,.....,.....,.....,.....,.....,.....,.....,.....,.....,.....,.....,.....,.....,.....,.....,.....,.....,.....,.....,.....,.....,.....,.....,.....
04 ,.....,.....,.....,.....,.....,.....,.....,.....,.....,.....,.....,.....,.....,.....,.....,.....,.....,.....,.....,.....,.....,.....,.....,.....
05 ,.....,.....,.....,.....,.....,.....,.....,.....,.....,.....,.....,.....,.....,.....,.....,.....,.....,.....,.....,.....,.....,.....,.....,.....
06 ,.....,.....,.....,.....,.....,.....,.....,.....,.....,.....,.....,.....,.....,.....,.....,.....,.....,.....,.....,.....,.....,.....,.....,.....
07 ,.....,.....,.....,.....,.....,.....,.....,.....,.....,.....,.....,.....,.....,.....,.....,.....,.....,.....,.....,.....,.....,.....,.....,.....
08 ,.....,.....,.....,.....,.....,.....,.....,.....,.....,.....,.....,..***#*****#*.19*#*****#*****#99***#**9**#*****#*****#*****#*****#*****9*****.
09 #*****#*****#*****#*****#*****#*****#9****#*****#*****#*****#*****#*****#*****#*****#*****#*****#*****#****99*****#*****#*****#*****#*****#*****
10 #*****#9****#*****#*****#*****#*****#*****#*****#*****#*****#*9***9*****#*****#*****#*****#*****#***9*#*****#*****#*****#*****#*9***#*****#*****
11 #*****#*****#*****#*****#**9**#*****#*****#*****#*****#*****#*9***#*****#*****#*****#*****#****9#*****#*****#*****#*****#*****#***9*#*****#*****
12 #*****#*****#*****#*****#*****#****9#*****#*****#*****#*****#**9**#*****9*****#*****#*****#*****#***9*#*****#*****#*****#*****#**9**#*****#*****
13 #*****#*****#*****#*****#*****#*****#*****#*9***#*****#*****#*****#*****#*****#*9***#*****#*****#*****#*****#*****#*9***#*****#*****#*****#*****
14 #*****#**9**#*****#*****#*****#*****#*****#*****#*****#*****#*****#*****#*****#*9***#*****#*****#*****5**9**#*****#*****#*****#*****#*****#*****
15 #*****#*****#*****#*****#**9**#*****#*****#*****8*****#****.,.....,.....,.....,.....,.....,.....,.....,.....,.....,8****#*****#*****#*****#*****
16 #*****#*****#*****#*****#*****#*****#*9***#*****#*****#*****#*****,.....,.....,.....,.....,.....,.....,.....,.....,.....,.....,.....,.....,.....
17 ,.....,.....,.....,.....,.....,.....,.....,.....,.....,.....,.....,.....,.....,.....,.....,.....,....5#*****#8****#*****#*****#*6**.,.....,.....
18 ,.....,.....,.....,.....,.....,.....,.....,.....,.....,.....,.....,.....,.....,.....,.....,.....,.....,.....,.....,.....,.....,.....,.....,.....
19 ,.....,.....,.....,.....,.....,.....,.....,.....,.....,.....,.....,.....,.....,.....,.....,.....,.....,....9#****4+-----+-....,.....,.....1*****
20 #*****#*****#*****#*****#*****#*****#*****#*****#*****#**9**#*****#*****#*****#*****#*****#*****#*****#*****#*****#*****#*****#*****#*9***#*****
21 #*****#*****#*****#*****#*****#*****#*****#*****#*****#*****#*****#**9**#*****#*****#*****#*****#*****#**9**#*****#*****#*****#*****#*****#*****
22 #*****#****9#*****#*****#*****#*****#*****#*****#*****#*****#*****#*****#*****#*****#9**.9#*****#*****#*****#**9**#*****#*****#*****#*****#*****
23 #****9#*****#*****#*****#*****#*****#*****#*****#*****#*****#****9#*****#*****#*****#*****#*****#*****#*****#***9*#*****#*****#*****#*****#*****
24 #*****#*****#*****#****9#*****#*****#*****#*****#*****#*****#*****#*****#****9#*****#*****#*****#*****#*****#*****#*****#*****#**9**#*****#*****
25 #*****#*****#*****#*****#*****#*****#*****#*****9***..,.....,.....,.....,.....,.....,.....,.....,.....,.....,.....,.....,.....,.....,.....,.....
26 ,.....,.....,.....,.....,.....,.....,.....,.....,.....,.....,.....,.....,.....,.....,.....,.....,.....,....2#*****#***9*#*****#*****#*****#*****
27 #*****#*****#*****#***9*#*****#*****#*****#*****#*****#*****#*****#*****#****9#*****#*****#*****#*****#*****#*****#*****#*9***#*****#*****#*****
28 #*****#*****#*****#*****#*****#*****#***2*8*****#*****#*****#*****#*****#*****#**9**#*****#*****#*****#*****#**9**#*****#*****#*****#*****#*****
29 #*****#***9*#*****#*****#*****#*****#*****#*****#****9#*****#*****#*****#****3#*****#*****#*****#*****#*****#9****#*****#*****#*****#*****#*****
30 #*****#9****#*****#*****#*****#*****#*****#****.,.....,.....,.....,.....,.....,.....,.....,.....,.....,.....,.....,.....,.....,.....,.....,.....
31 ,.....,.....,.....,.....,.....,.....,.....,.....,.....,.....,.....,.....,.....,..***#**4**#*****8*****#*****#*****#*7***#*****#*****#9****#*****

