01 #*****#*****#*****#9****#*****#*****#*****#*****#*****#*****#*****#*****#**9**#*****#*****#*****#*****#*****#*****#*****9*****#*****#*****#*****
02 #*****#*****#*****#*****#*****#*****#*****#*****#*****#*****#***9*#*****#*****#*****#*****5*****#*****#*****#*****#*****#*****9*****#9*99*#*****
03 #*****#*****#*****#*****#*****#*****#*****#*****#*****#*****#*****#*****#*****#*****#*****99**99#*****#*****#**99*#*****#*****#*****#*****#*****
04 #*****#*****#*****#*****#*****#*****#*****#*****#*****#*****#*****#*****#*****#*****99**89#**9**#*****#*****#*****#*****#****9#*****#*****#*****
05 #*****#*****#*****#*****#*****#****9#*****#*****#*****#*****#*****#*****#*****#**9**#*****#*****#*****#*****#*****#*****#*****#*9***#*****#*****
06 #*****#*****#*****#*****#*****#9****#*****#*****#9***9#*****#*****#*****9*****#*****#*****#**9**#*****#**9**#*****#****9#*****#*****#*****#*****
07 #*****#*****#*****#9****#*****#*****#*****#*****#*****#*****#**9**#*****#*****#*****#*****#*****#*****#*****9*****#*****#*****#*****#*****#*****
08 #*****#*****#***9*#*****#*****#*****#*****#*****#*****#*****#*****#*****#***9*#*****#*****#*****#*****#*****#*****#9****#*****#*****#*****#*****
09 #*****#*****#*****#*****#*****#*****#*****#***9*#*****#*****#*****#****9#*****#*****#**9**#*****#*****#*****#*****#*****#*****#*****#*****#*****
10 9*****#*****#*****#*****#*****#*****#*****#*****#*****#*****#*****9*****#*****#*****#*****#*****#**...,...2*#*****#*****#*****#*9***#*****#**9**
11 #*****#*****#*****#*****#*****#*****#*****9*****#*****#*****#*****#*****#*****#*****#*****99****#9****#*****#*****#*****#*****#*9**99**8**#*****
12 #*****#*****#*****#*****#*****#*****#*****#*9***#*****#*****#*****#*****#*....,.....,.....,.....,.....,3****#*****3--6**#*****#**9**#*****#***9*
13 #*****#*6---+-----+-----+-----+-----+-----#*****#*****#**9**#9****#*****#*****#*9*9*#*****#*****#*****#9****#*****#*****#*****#*****#98*9*#*****
14 #*****#*****#*****#*****#*****#*****9*****#*****#4****#*****#*****#*****#****.,.....,.....,.....,.....,.....,.....,.....,.....,.....,.....,.....
15 ,.....,.....,.....,.....,.....,.....,.....,.....,.....,.....,.....,.....,.....,.....,..4**#*****#*****#*****#*****#*****#***9*#*****#*****#*****
16 #*****#*****#*****#*****#*****#***9*#*****#*****#*****#*****#*****#*****#*****#*9***#*****#*****#*****#*****#*****#*****#*9***#*****#*****#*****
17 #*****#*****#*****#*****#*****#*****#*****9*****#*****#*****#*****#*****#*****#*****#***.*#4****,*****#*****#*****#*****#*****#*****#*****9*****
18 #*****#*****#*****#*****#*****#*****#*****#*****9*****#*****#9****#*****#9****#*****#*****#****9#*****#*****#***9*#.....,.....,.....,.....,.....
19 ,.....,.....,.....,.....,.....,.....,.....,.....,.....,.....,.....,.....,.....,.....,.....,.....,.....,.....,.....,.....,.....,.....,.....,.....
20 ,.....,.....,.....,.....,.....,.....,.....,.....,.....,.....,.....,.....,.....,.....,.....,.....,.....,8768*#*****#*****#***8*#*****#*9***#*****
21 #*****#*9***#*****#*****#*****#-----+-----+-----+-----+-----+-----+-----+-----+-----+-----+-----+.9*94#*****9*****#*****#***9*#*****#*****#*****
22 #*****#9****#*****#*****#****9#-----+-----+-----+-----+-----+-----+-----+-----+--4**#*****#***9*#*****#*****#*****9*****9*****#*****#*****#*9***
23 #*****#*****#*****#****9#*****#*****#*****#*****#*****#9****#*****#*****#*****#***9*#*****#*****#*****#*****#*9***#*****#*****9*****#*****#*****
24 #*****#*****#****9#*****#*****#*****#*****#*****#**9**#*****#*****#*****#*****#*****9*****#*****#*****#*****#*****#****9#*****#**989#*****#*****
25 #*****#*****4*****#*****#*****#*****#*****#*****#*****9*****#*****#***9*9*****,.....,.....,.....,.....,...3*#*****#*****#*9***#*****#*****#*****
26 #*****#*****#*****#*****#*****#*****#9****#*****#*****#*****#*****#*****#*****#****9#*****#*****#*****#*****#***9*#*****#*****#*9***#*****#*****
27 #*****#*****#*****#*****#*9***,.....,.....,.....,.....,.....,.....,.....,.....,.....,.....,.....,....8#*****#*****,.....,.....,.9***#*****#*****
28 3-----+-----+-----+-----+-----+-----+-----+----5#*****#***9-8*****#***9*#*****#*****#*****#*****#*****#9****#**9**#*****#*****#*****#*****#*****
29 #*****#*****#*****#**9**#*****#**8**#*****#*****#*****#****9#*****#**9**#***9*#*****#*****#*****#*****9*****#*****#*****#*****#*****#*****#*****
30 #*****#*****#9****#*****#*****#-----+-----+-----+-----+-----+-----+-----+-----+---1*#*****#*****#*****#****9#*****#*****#*****#*****#*****#*****
31 ,.....,.....,.....,.....,.....,.....,.....,.....,.....,.....,.....,.....,.....,.....,.....,.....,.....,.....,.....,.....,.....,.....,.....,.....

